<?xml version="1.0" encoding="UTF-8"?>
<!-- Generated by org.testng.reporters.JUnitReportReporter -->
<testsuite skipped="0" hostname="DESKTOP-VBAMR6R" name="com.TestNG_Framework.Parameter" tests="1" failures="0" timestamp="2022-07-25T21:28:12 IST" time="0.007" errors="0">
  <testcase name="data_Input" time="0.007" classname="com.TestNG_Framework.Parameter"/>
  <system-out/>
</testsuite> <!-- com.TestNG_Framework.Parameter -->
