<?xml version="1.0" encoding="UTF-8"?>
<!-- Generated by org.testng.reporters.JUnitReportReporter -->
<testsuite skipped="0" hostname="DESKTOP-VBAMR6R" name="com.TestNG_Framework.Data_Provider" tests="3" failures="0" timestamp="2022-07-25T21:43:07 IST" time="0.009" errors="0">
  <testcase name="user_Credentials" time="0.002" classname="com.TestNG_Framework.Data_Provider"/>
  <system-out/>
  <testcase name="user_Credentials" time="0.006" classname="com.TestNG_Framework.Data_Provider"/>
  <system-out/>
  <testcase name="user_Credentials" time="0.001" classname="com.TestNG_Framework.Data_Provider"/>
  <system-out/>
</testsuite> <!-- com.TestNG_Framework.Data_Provider -->
