<?xml version="1.0" encoding="UTF-8"?>
<!-- Generated by org.testng.reporters.JUnitReportReporter -->
<testsuite skipped="0" hostname="DESKTOP-VBAMR6R" name="com.TestNG_Framework.Depends_On" tests="3" failures="0" timestamp="2022-09-09T20:12:38 IST" time="0.009" errors="0">
  <testcase name="clg" time="0.001" classname="com.TestNG_Framework.Depends_On"/>
  <system-out/>
  <testcase name="Tenth" time="0.007" classname="com.TestNG_Framework.Depends_On"/>
  <system-out/>
  <testcase name="twelth" time="0.001" classname="com.TestNG_Framework.Depends_On"/>
  <system-out/>
</testsuite> <!-- com.TestNG_Framework.Depends_On -->
