<?xml version="1.0" encoding="UTF-8"?>
<!-- Generated by org.testng.reporters.JUnitReportReporter -->
<testsuite skipped="0" hostname="DESKTOP-VBAMR6R" name="com.TestNG_Framework.TestNG_Test" tests="3" failures="0" timestamp="2022-09-09T19:59:54 IST" time="0.009" errors="0">
  <testcase name="snakes" time="0.001" classname="com.TestNG_Framework.TestNG_Test"/>
  <system-out/>
  <testcase name="activities" time="0.007" classname="com.TestNG_Framework.TestNG_Test"/>
  <system-out/>
  <testcase name="lunch" time="0.001" classname="com.TestNG_Framework.TestNG_Test"/>
  <system-out/>
</testsuite> <!-- com.TestNG_Framework.TestNG_Test -->
